<?xml version="1.0" encoding="UTF-8"?>
<!-- Generated by org.testng.reporters.JUnitReportReporter -->
<testsuite hostname="SRINIVAS-G2005" failures="0" tests="1" name="practiceExpandTesting.LoginForm" time="7.007" errors="0" timestamp="2025-07-13T21:22:37 IST" skipped="0">
  <testcase classname="practiceExpandTesting.LoginForm" name="loginFormValidCredens" time="7.007"/>
</testsuite> <!-- practiceExpandTesting.LoginForm -->
