<?xml version="1.0" encoding="UTF-8"?>
<!-- Generated by org.testng.reporters.JUnitReportReporter -->
<testsuite hostname="SRINIVAS-G2005" failures="0" tests="1" name="practiceExpandTesting.LoginForm" time="3.385" errors="0" timestamp="2025-07-13T21:38:12 IST" skipped="0">
  <testcase classname="practiceExpandTesting.LoginForm" name="loginFormInValidCredens" time="3.385"/>
</testsuite> <!-- practiceExpandTesting.LoginForm -->
