<?xml version="1.0" encoding="UTF-8"?>
<!-- Generated by org.testng.reporters.JUnitReportReporter -->
<testsuite hostname="SRINIVAS-G2005" failures="0" tests="1" name="ultimateQA.HandlingForms" time="3.243" errors="0" timestamp="2025-03-25T19:42:00 IST" skipped="0">
  <testcase classname="ultimateQA.HandlingForms" name="fromTwo" time="3.243"/>
</testsuite> <!-- ultimateQA.HandlingForms -->
