<?xml version="1.0" encoding="UTF-8"?>
<!-- Generated by org.testng.reporters.JUnitReportReporter -->
<testsuite hostname="SRINIVAS-G2005" failures="0" tests="1" name="ultimateQA.SignIn_Form" time="7.635" errors="0" timestamp="2025-03-25T06:07:28 IST" skipped="0">
  <testcase classname="ultimateQA.SignIn_Form" name="signIn" time="7.635"/>
</testsuite> <!-- ultimateQA.SignIn_Form -->
