<?xml version="1.0" encoding="UTF-8"?>
<!-- Generated by org.testng.reporters.JUnitReportReporter -->
<testsuite hostname="SRINIVAS-G2005" failures="0" tests="1" name="tutorialsPoint.RegisterForm" time="2.590" errors="0" timestamp="2025-05-04T15:24:42 IST" skipped="0">
  <testcase classname="tutorialsPoint.RegisterForm" name="registerForm" time="2.590"/>
</testsuite> <!-- tutorialsPoint.RegisterForm -->
