<?xml version="1.0" encoding="UTF-8"?>
<!-- Generated by org.testng.reporters.JUnitReportReporter -->
<testsuite hostname="SRINIVAS-G2005" failures="0" tests="1" name="tutorialsPoint.LoginForm" time="2.081" errors="0" timestamp="2025-05-04T15:12:38 IST" skipped="0">
  <testcase classname="tutorialsPoint.LoginForm" name="Login" time="2.081"/>
</testsuite> <!-- tutorialsPoint.LoginForm -->
