<?xml version="1.0" encoding="UTF-8"?>
<!-- Generated by org.testng.reporters.JUnitReportReporter -->
<testsuite hostname="SRINIVAS-G2005" failures="0" tests="1" name="tutorialsPoint.PracticeForm" time="1.974" errors="0" timestamp="2025-05-04T16:05:39 IST" skipped="0">
  <testcase classname="tutorialsPoint.PracticeForm" name="studentRegistrationForm" time="1.974"/>
</testsuite> <!-- tutorialsPoint.PracticeForm -->
