<?xml version="1.0" encoding="UTF-8"?>
<!-- Generated by org.testng.reporters.JUnitReportReporter -->
<testsuite hostname="SRINIVAS-G2005" failures="0" tests="1" name="internetHerokuApp.HandlingForm" time="0.912" errors="0" timestamp="2025-03-25T06:18:39 IST" skipped="0">
  <testcase classname="internetHerokuApp.HandlingForm" name="handlinForm" time="0.912"/>
</testsuite> <!-- internetHerokuApp.HandlingForm -->
