<?xml version="1.0" encoding="UTF-8"?>
<!-- Generated by org.testng.reporters.JUnitReportReporter -->
<testsuite hostname="SRINIVAS-G2005" failures="0" tests="1" name="practiceExpandTesting.RegisterForm" time="6.456" errors="0" timestamp="2025-07-14T10:09:46 IST" skipped="0">
  <testcase classname="practiceExpandTesting.RegisterForm" name="registerForm" time="6.456"/>
</testsuite> <!-- practiceExpandTesting.RegisterForm -->
